<?xml version="1.0" encoding="UTF-8"?><testrun name="AirlineControllerTest" project="flightapp" tests="3" started="0" failures="0" errors="1" ignored="0">
  <testsuite name="com.flightapp.controller.AirlineControllerTest" incomplete="true" displayname="AirlineControllerTest" uniqueid="[engine:junit-jupiter]/[class:com.flightapp.controller.AirlineControllerTest]">
    <error>org.junit.platform.commons.JUnitException: @BeforeEach method 'com.flightapp.entity.AirlineMaster com.flightapp.controller.AirlineControllerTest.am()' must not return a value.&#13;
	at org.junit.jupiter.engine.descriptor.LifecycleMethodUtils.assertVoid(LifecycleMethodUtils.java:72)&#13;
	at org.junit.jupiter.engine.descriptor.LifecycleMethodUtils.lambda$findMethodsAndCheckVoidReturnType$2(LifecycleMethodUtils.java:96)&#13;
	at java.base/java.util.ArrayList.forEach(ArrayList.java:1541)&#13;
	at java.base/java.util.Collections$UnmodifiableCollection.forEach(Collections.java:1085)&#13;
	at org.junit.jupiter.engine.descriptor.LifecycleMethodUtils.findMethodsAndCheckVoidReturnType(LifecycleMethodUtils.java:96)&#13;
	at org.junit.jupiter.engine.descriptor.LifecycleMethodUtils.findMethodsAndAssertNonStatic(LifecycleMethodUtils.java:88)&#13;
	at org.junit.jupiter.engine.descriptor.LifecycleMethodUtils.findBeforeEachMethods(LifecycleMethodUtils.java:48)&#13;
	at org.junit.jupiter.engine.descriptor.ClassBasedTestDescriptor.registerBeforeEachMethodAdapters(ClassBasedTestDescriptor.java:464)&#13;
	at org.junit.jupiter.engine.descriptor.ClassBasedTestDescriptor.prepare(ClassBasedTestDescriptor.java:170)&#13;
	at org.junit.jupiter.engine.descriptor.ClassBasedTestDescriptor.prepare(ClassBasedTestDescriptor.java:80)&#13;
	at org.junit.platform.engine.support.hierarchical.NodeTestTask.lambda$prepare$2(NodeTestTask.java:123)&#13;
	at org.junit.platform.engine.support.hierarchical.ThrowableCollector.execute(ThrowableCollector.java:73)&#13;
	at org.junit.platform.engine.support.hierarchical.NodeTestTask.prepare(NodeTestTask.java:123)&#13;
	at org.junit.platform.engine.support.hierarchical.NodeTestTask.execute(NodeTestTask.java:90)&#13;
	at java.base/java.util.ArrayList.forEach(ArrayList.java:1541)&#13;
	at org.junit.platform.engine.support.hierarchical.SameThreadHierarchicalTestExecutorService.invokeAll(SameThreadHierarchicalTestExecutorService.java:41)&#13;
	at org.junit.platform.engine.support.hierarchical.NodeTestTask.lambda$executeRecursively$6(NodeTestTask.java:155)&#13;
	at org.junit.platform.engine.support.hierarchical.ThrowableCollector.execute(ThrowableCollector.java:73)&#13;
	at org.junit.platform.engine.support.hierarchical.NodeTestTask.lambda$executeRecursively$8(NodeTestTask.java:141)&#13;
	at org.junit.platform.engine.support.hierarchical.Node.around(Node.java:137)&#13;
	at org.junit.platform.engine.support.hierarchical.NodeTestTask.lambda$executeRecursively$9(NodeTestTask.java:139)&#13;
	at org.junit.platform.engine.support.hierarchical.ThrowableCollector.execute(ThrowableCollector.java:73)&#13;
	at org.junit.platform.engine.support.hierarchical.NodeTestTask.executeRecursively(NodeTestTask.java:138)&#13;
	at org.junit.platform.engine.support.hierarchical.NodeTestTask.execute(NodeTestTask.java:95)&#13;
	at org.junit.platform.engine.support.hierarchical.SameThreadHierarchicalTestExecutorService.submit(SameThreadHierarchicalTestExecutorService.java:35)&#13;
	at org.junit.platform.engine.support.hierarchical.HierarchicalTestExecutor.execute(HierarchicalTestExecutor.java:57)&#13;
	at org.junit.platform.engine.support.hierarchical.HierarchicalTestEngine.execute(HierarchicalTestEngine.java:54)&#13;
	at org.junit.platform.launcher.core.DefaultLauncher.execute(DefaultLauncher.java:229)&#13;
	at org.junit.platform.launcher.core.DefaultLauncher.lambda$execute$6(DefaultLauncher.java:197)&#13;
	at org.junit.platform.launcher.core.DefaultLauncher.withInterceptedStreams(DefaultLauncher.java:211)&#13;
	at org.junit.platform.launcher.core.DefaultLauncher.execute(DefaultLauncher.java:191)&#13;
	at org.junit.platform.launcher.core.DefaultLauncher.execute(DefaultLauncher.java:137)&#13;
	at org.eclipse.jdt.internal.junit5.runner.JUnit5TestReference.run(JUnit5TestReference.java:89)&#13;
	at org.eclipse.jdt.internal.junit.runner.TestExecution.run(TestExecution.java:41)&#13;
	at org.eclipse.jdt.internal.junit.runner.RemoteTestRunner.runTests(RemoteTestRunner.java:541)&#13;
	at org.eclipse.jdt.internal.junit.runner.RemoteTestRunner.runTests(RemoteTestRunner.java:763)&#13;
	at org.eclipse.jdt.internal.junit.runner.RemoteTestRunner.run(RemoteTestRunner.java:463)&#13;
	at org.eclipse.jdt.internal.junit.runner.RemoteTestRunner.main(RemoteTestRunner.java:209)&#13;
&#13;
</error>
    <testcase name="testRegisterAirline" classname="com.flightapp.controller.AirlineControllerTest" incomplete="true" displayname="testRegisterAirline()" uniqueid="[engine:junit-jupiter]/[class:com.flightapp.controller.AirlineControllerTest]/[method:testRegisterAirline()]"/>
    <testcase name="testBlock" classname="com.flightapp.controller.AirlineControllerTest" incomplete="true" displayname="testBlock()" uniqueid="[engine:junit-jupiter]/[class:com.flightapp.controller.AirlineControllerTest]/[method:testBlock()]"/>
    <testcase name="testUnblock" classname="com.flightapp.controller.AirlineControllerTest" incomplete="true" displayname="testUnblock()" uniqueid="[engine:junit-jupiter]/[class:com.flightapp.controller.AirlineControllerTest]/[method:testUnblock()]"/>
  </testsuite>
</testrun>
