<?xml version="1.0" encoding="UTF-8"?><testrun name="flightapp" project="flightapp" tests="19" started="19" failures="0" errors="1" ignored="0">
  <testsuite name="com.flightapp.controller.FlightControllerTest" time="1.36" displayname="FlightControllerTest" uniqueid="[engine:junit-jupiter]/[class:com.flightapp.controller.FlightControllerTest]">
    <testcase name="testViewAllFlight" classname="com.flightapp.controller.FlightControllerTest" time="1.346" displayname="testViewAllFlight()" uniqueid="[engine:junit-jupiter]/[class:com.flightapp.controller.FlightControllerTest]/[method:testViewAllFlight()]"/>
    <testcase name="testViewFlight" classname="com.flightapp.controller.FlightControllerTest" time="0.014" displayname="testViewFlight()" uniqueid="[engine:junit-jupiter]/[class:com.flightapp.controller.FlightControllerTest]/[method:testViewFlight()]"/>
  </testsuite>
  <testsuite name="com.flightapp.controller.BookingControllerTest" time="0.181" displayname="BookingControllerTest" uniqueid="[engine:junit-jupiter]/[class:com.flightapp.controller.BookingControllerTest]">
    <testcase name="testCancelBooking" classname="com.flightapp.controller.BookingControllerTest" time="0.161" displayname="testCancelBooking()" uniqueid="[engine:junit-jupiter]/[class:com.flightapp.controller.BookingControllerTest]/[method:testCancelBooking()]"/>
    <testcase name="testCreateBooking" classname="com.flightapp.controller.BookingControllerTest" time="0.008" displayname="testCreateBooking()" uniqueid="[engine:junit-jupiter]/[class:com.flightapp.controller.BookingControllerTest]/[method:testCreateBooking()]"/>
    <testcase name="testGetHistory" classname="com.flightapp.controller.BookingControllerTest" time="0.003" displayname="testGetHistory()" uniqueid="[engine:junit-jupiter]/[class:com.flightapp.controller.BookingControllerTest]/[method:testGetHistory()]"/>
    <testcase name="testGetTicket" classname="com.flightapp.controller.BookingControllerTest" time="0.009" displayname="testGetTicket()" uniqueid="[engine:junit-jupiter]/[class:com.flightapp.controller.BookingControllerTest]/[method:testGetTicket()]"/>
  </testsuite>
  <testsuite name="com.flightapp.controller.AirlineControllerTest" time="0.212" displayname="AirlineControllerTest" uniqueid="[engine:junit-jupiter]/[class:com.flightapp.controller.AirlineControllerTest]">
    <testcase name="testRegisterAirline" classname="com.flightapp.controller.AirlineControllerTest" time="0.203" displayname="testRegisterAirline()" uniqueid="[engine:junit-jupiter]/[class:com.flightapp.controller.AirlineControllerTest]/[method:testRegisterAirline()]"/>
    <testcase name="testBlock" classname="com.flightapp.controller.AirlineControllerTest" time="0.004" displayname="testBlock()" uniqueid="[engine:junit-jupiter]/[class:com.flightapp.controller.AirlineControllerTest]/[method:testBlock()]"/>
    <testcase name="testUnblock" classname="com.flightapp.controller.AirlineControllerTest" time="0.005" displayname="testUnblock()" uniqueid="[engine:junit-jupiter]/[class:com.flightapp.controller.AirlineControllerTest]/[method:testUnblock()]"/>
  </testsuite>
  <testsuite name="com.flightapp.controller.InventoryControllerTest" time="0.068" displayname="InventoryControllerTest" uniqueid="[engine:junit-jupiter]/[class:com.flightapp.controller.InventoryControllerTest]">
    <testcase name="testAddInventory" classname="com.flightapp.controller.InventoryControllerTest" time="0.068" displayname="testAddInventory()" uniqueid="[engine:junit-jupiter]/[class:com.flightapp.controller.InventoryControllerTest]/[method:testAddInventory()]"/>
  </testsuite>
  <testsuite name="com.flightapp.service.BookingServiceTest" time="0.169" displayname="BookingServiceTest" uniqueid="[engine:junit-jupiter]/[class:com.flightapp.service.BookingServiceTest]">
    <testcase name="testCancelBooking" classname="com.flightapp.service.BookingServiceTest" time="0.16" displayname="testCancelBooking()" uniqueid="[engine:junit-jupiter]/[class:com.flightapp.service.BookingServiceTest]/[method:testCancelBooking()]"/>
    <testcase name="testGetHistory" classname="com.flightapp.service.BookingServiceTest" time="0.002" displayname="testGetHistory()" uniqueid="[engine:junit-jupiter]/[class:com.flightapp.service.BookingServiceTest]/[method:testGetHistory()]"/>
    <testcase name="testGetTicket" classname="com.flightapp.service.BookingServiceTest" time="0.006" displayname="testGetTicket()" uniqueid="[engine:junit-jupiter]/[class:com.flightapp.service.BookingServiceTest]/[method:testGetTicket()]"/>
  </testsuite>
  <testsuite name="com.flightapp.service.FlightServiceTest" time="0.129" displayname="FlightServiceTest" uniqueid="[engine:junit-jupiter]/[class:com.flightapp.service.FlightServiceTest]">
    <testcase name="viewAllFlight" classname="com.flightapp.service.FlightServiceTest" time="0.125" displayname="viewAllFlight()" uniqueid="[engine:junit-jupiter]/[class:com.flightapp.service.FlightServiceTest]/[method:viewAllFlight()]"/>
    <testcase name="testViewFlight" classname="com.flightapp.service.FlightServiceTest" time="0.004" displayname="testViewFlight()" uniqueid="[engine:junit-jupiter]/[class:com.flightapp.service.FlightServiceTest]/[method:testViewFlight()]"/>
  </testsuite>
  <testsuite name="com.flightapp.service.InventoryServiceTest" time="0.082" displayname="InventoryServiceTest" uniqueid="[engine:junit-jupiter]/[class:com.flightapp.service.InventoryServiceTest]">
    <testcase name="testAddInventory" classname="com.flightapp.service.InventoryServiceTest" time="0.082" displayname="testAddInventory()" uniqueid="[engine:junit-jupiter]/[class:com.flightapp.service.InventoryServiceTest]/[method:testAddInventory()]">
      <error>org.mockito.exceptions.misusing.UnnecessaryStubbingException: 
Unnecessary stubbings detected.
Clean &amp; maintainable test code requires zero unnecessary code.
Following stubbings are unnecessary (click to navigate to relevant line of code):
  1. -&gt; at com.flightapp.service.InventoryServiceTest.testAddInventory(InventoryServiceTest.java:48)
Please remove unnecessary stubbings or use 'lenient' strictness. More info: javadoc for UnnecessaryStubbingException class.&#13;
	at org.mockito.junit.jupiter.MockitoExtension.afterEach(MockitoExtension.java:186)&#13;
	at org.junit.jupiter.engine.descriptor.TestMethodTestDescriptor.lambda$invokeAfterEachCallbacks$12(TestMethodTestDescriptor.java:257)&#13;
	at org.junit.jupiter.engine.descriptor.TestMethodTestDescriptor.lambda$invokeAllAfterMethodsOrCallbacks$13(TestMethodTestDescriptor.java:273)&#13;
	at org.junit.platform.engine.support.hierarchical.ThrowableCollector.execute(ThrowableCollector.java:73)&#13;
	at org.junit.jupiter.engine.descriptor.TestMethodTestDescriptor.lambda$invokeAllAfterMethodsOrCallbacks$14(TestMethodTestDescriptor.java:273)&#13;
	at java.base/java.util.ArrayList.forEach(ArrayList.java:1541)&#13;
	at org.junit.jupiter.engine.descriptor.TestMethodTestDescriptor.invokeAllAfterMethodsOrCallbacks(TestMethodTestDescriptor.java:272)&#13;
	at org.junit.jupiter.engine.descriptor.TestMethodTestDescriptor.invokeAfterEachCallbacks(TestMethodTestDescriptor.java:256)&#13;
	at org.junit.jupiter.engine.descriptor.TestMethodTestDescriptor.execute(TestMethodTestDescriptor.java:141)&#13;
	at org.junit.jupiter.engine.descriptor.TestMethodTestDescriptor.execute(TestMethodTestDescriptor.java:66)&#13;
	at org.junit.platform.engine.support.hierarchical.NodeTestTask.lambda$executeRecursively$6(NodeTestTask.java:151)&#13;
	at org.junit.platform.engine.support.hierarchical.ThrowableCollector.execute(ThrowableCollector.java:73)&#13;
	at org.junit.platform.engine.support.hierarchical.NodeTestTask.lambda$executeRecursively$8(NodeTestTask.java:141)&#13;
	at org.junit.platform.engine.support.hierarchical.Node.around(Node.java:137)&#13;
	at org.junit.platform.engine.support.hierarchical.NodeTestTask.lambda$executeRecursively$9(NodeTestTask.java:139)&#13;
	at org.junit.platform.engine.support.hierarchical.ThrowableCollector.execute(ThrowableCollector.java:73)&#13;
	at org.junit.platform.engine.support.hierarchical.NodeTestTask.executeRecursively(NodeTestTask.java:138)&#13;
	at org.junit.platform.engine.support.hierarchical.NodeTestTask.execute(NodeTestTask.java:95)&#13;
	at java.base/java.util.ArrayList.forEach(ArrayList.java:1541)&#13;
	at org.junit.platform.engine.support.hierarchical.SameThreadHierarchicalTestExecutorService.invokeAll(SameThreadHierarchicalTestExecutorService.java:41)&#13;
	at org.junit.platform.engine.support.hierarchical.NodeTestTask.lambda$executeRecursively$6(NodeTestTask.java:155)&#13;
	at org.junit.platform.engine.support.hierarchical.ThrowableCollector.execute(ThrowableCollector.java:73)&#13;
	at org.junit.platform.engine.support.hierarchical.NodeTestTask.lambda$executeRecursively$8(NodeTestTask.java:141)&#13;
	at org.junit.platform.engine.support.hierarchical.Node.around(Node.java:137)&#13;
	at org.junit.platform.engine.support.hierarchical.NodeTestTask.lambda$executeRecursively$9(NodeTestTask.java:139)&#13;
	at org.junit.platform.engine.support.hierarchical.ThrowableCollector.execute(ThrowableCollector.java:73)&#13;
	at org.junit.platform.engine.support.hierarchical.NodeTestTask.executeRecursively(NodeTestTask.java:138)&#13;
	at org.junit.platform.engine.support.hierarchical.NodeTestTask.execute(NodeTestTask.java:95)&#13;
	at java.base/java.util.ArrayList.forEach(ArrayList.java:1541)&#13;
	at org.junit.platform.engine.support.hierarchical.SameThreadHierarchicalTestExecutorService.invokeAll(SameThreadHierarchicalTestExecutorService.java:41)&#13;
	at org.junit.platform.engine.support.hierarchical.NodeTestTask.lambda$executeRecursively$6(NodeTestTask.java:155)&#13;
	at org.junit.platform.engine.support.hierarchical.ThrowableCollector.execute(ThrowableCollector.java:73)&#13;
	at org.junit.platform.engine.support.hierarchical.NodeTestTask.lambda$executeRecursively$8(NodeTestTask.java:141)&#13;
	at org.junit.platform.engine.support.hierarchical.Node.around(Node.java:137)&#13;
	at org.junit.platform.engine.support.hierarchical.NodeTestTask.lambda$executeRecursively$9(NodeTestTask.java:139)&#13;
	at org.junit.platform.engine.support.hierarchical.ThrowableCollector.execute(ThrowableCollector.java:73)&#13;
	at org.junit.platform.engine.support.hierarchical.NodeTestTask.executeRecursively(NodeTestTask.java:138)&#13;
	at org.junit.platform.engine.support.hierarchical.NodeTestTask.execute(NodeTestTask.java:95)&#13;
	at org.junit.platform.engine.support.hierarchical.SameThreadHierarchicalTestExecutorService.submit(SameThreadHierarchicalTestExecutorService.java:35)&#13;
	at org.junit.platform.engine.support.hierarchical.HierarchicalTestExecutor.execute(HierarchicalTestExecutor.java:57)&#13;
	at org.junit.platform.engine.support.hierarchical.HierarchicalTestEngine.execute(HierarchicalTestEngine.java:54)&#13;
	at org.junit.platform.launcher.core.DefaultLauncher.execute(DefaultLauncher.java:229)&#13;
	at org.junit.platform.launcher.core.DefaultLauncher.lambda$execute$6(DefaultLauncher.java:197)&#13;
	at org.junit.platform.launcher.core.DefaultLauncher.withInterceptedStreams(DefaultLauncher.java:211)&#13;
	at org.junit.platform.launcher.core.DefaultLauncher.execute(DefaultLauncher.java:191)&#13;
	at org.junit.platform.launcher.core.DefaultLauncher.execute(DefaultLauncher.java:137)&#13;
	at org.eclipse.jdt.internal.junit5.runner.JUnit5TestReference.run(JUnit5TestReference.java:89)&#13;
	at org.eclipse.jdt.internal.junit.runner.TestExecution.run(TestExecution.java:41)&#13;
	at org.eclipse.jdt.internal.junit.runner.RemoteTestRunner.runTests(RemoteTestRunner.java:541)&#13;
	at org.eclipse.jdt.internal.junit.runner.RemoteTestRunner.runTests(RemoteTestRunner.java:763)&#13;
	at org.eclipse.jdt.internal.junit.runner.RemoteTestRunner.run(RemoteTestRunner.java:463)&#13;
	at org.eclipse.jdt.internal.junit.runner.RemoteTestRunner.main(RemoteTestRunner.java:209)&#13;
&#13;
</error>
    </testcase>
  </testsuite>
  <testsuite name="com.flightapp.service.AirlineServiceTest" time="0.01" displayname="AirlineServiceTest" uniqueid="[engine:junit-jupiter]/[class:com.flightapp.service.AirlineServiceTest]">
    <testcase name="testToggleBlock" classname="com.flightapp.service.AirlineServiceTest" time="0.003" displayname="testToggleBlock()" uniqueid="[engine:junit-jupiter]/[class:com.flightapp.service.AirlineServiceTest]/[method:testToggleBlock()]"/>
    <testcase name="testRegisterAirline" classname="com.flightapp.service.AirlineServiceTest" time="0.003" displayname="testRegisterAirline()" uniqueid="[engine:junit-jupiter]/[class:com.flightapp.service.AirlineServiceTest]/[method:testRegisterAirline()]"/>
    <testcase name="testToggleUnblock" classname="com.flightapp.service.AirlineServiceTest" time="0.004" displayname="testToggleUnblock()" uniqueid="[engine:junit-jupiter]/[class:com.flightapp.service.AirlineServiceTest]/[method:testToggleUnblock()]"/>
  </testsuite>
</testrun>
